Arguments: 
  C:\Program Files\nodejs\node.exe C:\Program Files (x86)\Yarn\bin\yarn.js add react-router-dom

PATH: 
  C:\Program Files\Git\mingw64\bin;C:\Program Files\Git\usr\bin;C:\Users\Admin\bin;C:\Program Files (x86)\Common Files\Oracle\Java\javapath;C:\WINDOWS\system32;C:\WINDOWS;C:\WINDOWS\System32\Wbem;C:\WINDOWS\System32\WindowsPowerShell\v1.0;C:\TDM-GCC-64\bin;C:\Program Files (x86)\Flash Magic;C:\WINDOWS\System32\OpenSSH;C:\Program Files\Git\cmd;C:\Dev\trydjango\src;C:\Program Files\nodejs;C:\Users\Admin\Downloads;C:\Program Files\nodejs;C:\Program Files (x86)\Yarn\bin;C:\Users\Admin\AppData\Local\Programs\Python\Python35\Scripts;C:\Users\Admin\AppData\Local\Programs\Python\Python35;C:\Users\Admin\AppData\Local\Programs\Python\Python37\Scripts;C:\Users\Admin\AppData\Local\Programs\Python\Python37;C:\Users\Admin\AppData\Local\Programs\Microsoft VS Code\bin;C:\Users\Admin\AppData\Local\Microsoft\WindowsApps;C:\Program Files\JetBrains\PyCharm Community Edition 2019.3.1\bin;C:\Python32\Scripts;C:\Python32;C:\Python34\Scripts;C:\Python34;C:\Users\Admin\AppData\Roaming\npm;C:\Users\Admin\AppData\Local\Yarn\bin;C:\Users\Admin\AppData\Local\GitHubDesktop\bin;C:\Program Files (x86)\Common Files\Oracle\Java\javapath;C:\WINDOWS\system32;C:\WINDOWS;C:\WINDOWS\System32\Wbem;C:\WINDOWS\System32\WindowsPowerShell\v1.0;C:\TDM-GCC-64\bin;C:\Program Files (x86)\Flash Magic;C:\WINDOWS\System32\OpenSSH;C:\Program Files\Git\cmd;C:\Dev\trydjango\src;C:\Program Files\nodejs;C:\Users\Admin\Downloads;C:\Program Files\nodejs;C:\Program Files (x86)\Yarn\bin;C:\PROGRA~2\FLASHM~1

Yarn version: 
  1.22.4

Node version: 
  12.16.3

Platform: 
  win32 x64

Trace: 
  Error: getaddrinfo ENOTFOUND registry.yarnpkg.com
      at GetAddrInfoReqWrap.onlookup [as oncomplete] (dns.js:64:26)

npm manifest: 
  {
    "name": "crown-clothing",
    "version": "0.1.0",
    "private": true,
    "dependencies": {
      "@testing-library/jest-dom": "^4.2.4",
      "@testing-library/react": "^9.3.2",
      "@testing-library/user-event": "^7.1.2",
      "git": "^0.1.5",
      "node-sass": "^4.14.1",
      "react": "^16.13.1",
      "react-dom": "^16.13.1",
      "react-scripts": "3.4.1"
    },
    "scripts": {
      "start": "react-scripts start",
      "build": "react-scripts build",
      "test": "react-scripts test",
      "eject": "react-scripts eject"
    },
    "eslintConfig": {
      "extends": "react-app"
    },
    "browserslist": {
      "production": [
        ">0.2%",
        "not dead",
        "not op_mini all"
      ],
      "development": [
        "last 1 chrome version",
        "last 1 firefox version",
        "last 1 safari version"
      ]
    }
  }

yarn manifest: 
  No manifest

Lockfile: 
  No lockfile
